<?xml version="1.0" encoding="UTF-8"?>
<!-- Generated by org.testng.reporters.JUnitXMLReporter -->
<testsuite hostname="WIN-BJ71AR0L8KG" name="Porn" tests="3" failures="2" timestamp="19 Feb 2017 13:46:36 GMT" time="44.475" errors="0">
  <testcase name="viewAnalLink" time="14.16" classname="porn.AnalVideoTest"/>
  <testcase name="viewGruppovuhaLink" time="14.996" classname="porn.AnalVideoTest">
    <failure type="java.lang.AssertionError" message="Page is not displayed! expected [true] but found [false]">
      <![CDATA[java.lang.AssertionError: Page is not displayed! expected [true] but found [false]
	at porn.AnalVideoTest.viewGruppovuhaLink(AnalVideoTest.java:24)
... Removed 30 stack frames]]>
    </failure>
  </testcase> <!-- viewGruppovuhaLink -->
  <testcase name="viewStudentyLink" time="15.254" classname="porn.AnalVideoTest">
    <failure type="java.lang.AssertionError" message="Page is not displayed! expected [true] but found [false]">
      <![CDATA[java.lang.AssertionError: Page is not displayed! expected [true] but found [false]
	at porn.AnalVideoTest.viewStudentyLink(AnalVideoTest.java:29)
... Removed 30 stack frames]]>
    </failure>
  </testcase> <!-- viewStudentyLink -->
</testsuite> <!-- Porn -->
