<?xml version="1.0" encoding="UTF-8"?>
<testsuite xmlns:xsi="http://www.w3.org/2001/XMLSchema-instance" xsi:schemaLocation="https://maven.apache.org/surefire/maven-surefire-plugin/xsd/surefire-test-report.xsd" name="TestSuite" time="53.146" tests="3" errors="0" skipped="0" failures="2">
  <properties>
[...]
</properties>
  <testcase name="viewAnalLink" classname="porn.AnalVideoTest" time="14.159"/>
  <testcase name="viewGruppovuhaLink" classname="porn.AnalVideoTest" time="15.009">
    <failure message="Page is not displayed! expected [true] but found [false]" type="java.lang.AssertionError">java.lang.AssertionError: Page is not displayed! expected [true] but found [false]
	at porn.AnalVideoTest.viewGruppovuhaLink(AnalVideoTest.java:24)
</failure>
  </testcase>
  <testcase name="viewStudentyLink" classname="porn.AnalVideoTest" time="15.259">
    <failure message="Page is not displayed! expected [true] but found [false]" type="java.lang.AssertionError">java.lang.AssertionError: Page is not displayed! expected [true] but found [false]
	at porn.AnalVideoTest.viewStudentyLink(AnalVideoTest.java:29)
</failure>
  </testcase>
</testsuite>